[2013-01-15 13:46:11] request.INFO: Matched route "Inra2013urzBundle_CreateAgent" (parameters: "_controller": "Inra2013\urzBundle\Controller\AgentController::CreateAgentAction", "_route": "Inra2013urzBundle_CreateAgent") [] []
[2013-01-15 13:46:11] security.INFO: Populated SecurityContext with an anonymous Token [] []
[2013-01-15 13:46:11] request.CRITICAL: Doctrine\DBAL\DBALException: An exception occurred while executing 'INSERT INTO fos_user (username, username_canonical, email, email_canonical, enabled, salt, password, last_login, locked, expired, expires_at, confirmation_token, password_requested_at, roles, credentials_expired, credentials_expire_at, Nom, Prenom, Telephone) VALUES (?, ?, ?, ?, ?, ?, ?, ?, ?, ?, ?, ?, ?, ?, ?, ?, ?, ?, ?)' with params {"1":"loicoi","2":"loicoi","3":"Loiiuc@gmail.com","4":"loiiuc@gmail.com","5":1,"6":"jxd1ic5b0j4s0s4c80g0c8w88w04kgo","7":"t2xiCfUgEK\/P3SG7svs2LFHsHYRKWJ26JrGDtpJQkeZoYEQENTR2uBuU9KSNMSckg2Mn\/R0xGSSw890I2DIy7Q==","8":null,"9":0,"10":0,"11":null,"12":null,"13":null,"14":"a:1:{i:0;s:16:\"ROLE_SUPER_ADMIN\";}","15":0,"16":null,"17":"Loic","18":"Jean Luc","19":7898}:

SQLSTATE[23000]: Integrity constraint violation: 1062 Duplicate entry 'loicoi' for key 'UNIQ_957A647992FC23A8' (uncaught exception) at /var/www/Inra2013/vendor/doctrine/dbal/lib/Doctrine/DBAL/DBALException.php line 47 [] []
[2013-01-15 13:46:11] security.DEBUG: Write SecurityContext in the session [] []
[2013-01-15 13:46:23] request.INFO: Matched route "Inra2013urzBundle_CreateAgent" (parameters: "_controller": "Inra2013\urzBundle\Controller\AgentController::CreateAgentAction", "_route": "Inra2013urzBundle_CreateAgent") [] []
[2013-01-15 13:46:23] security.INFO: Populated SecurityContext with an anonymous Token [] []
[2013-01-15 13:46:23] request.CRITICAL: Doctrine\DBAL\DBALException: An exception occurred while executing 'INSERT INTO fos_user (username, username_canonical, email, email_canonical, enabled, salt, password, last_login, locked, expired, expires_at, confirmation_token, password_requested_at, roles, credentials_expired, credentials_expire_at, Nom, Prenom, Telephone) VALUES (?, ?, ?, ?, ?, ?, ?, ?, ?, ?, ?, ?, ?, ?, ?, ?, ?, ?, ?)' with params {"1":"loicoisds","2":"loicoisds","3":"Loiiuc@gmail.com","4":"loiiuc@gmail.com","5":1,"6":"jnjupylgh6o00444ss84wo80ocwcw0k","7":"uyKLTwhX1jkN39wqlm8IFEHDJxa6G5k4sucSsSRkq4ywE+CzdcprtSSTyyPYjiqZGLL4bU2k5vOVNCGxfZZBsA==","8":null,"9":0,"10":0,"11":null,"12":null,"13":null,"14":"a:1:{i:0;s:16:\"ROLE_SUPER_ADMIN\";}","15":0,"16":null,"17":"Loic","18":"Jean Luc","19":7898}:

SQLSTATE[23000]: Integrity constraint violation: 1062 Duplicate entry 'loiiuc@gmail.com' for key 'UNIQ_957A6479A0D96FBF' (uncaught exception) at /var/www/Inra2013/vendor/doctrine/dbal/lib/Doctrine/DBAL/DBALException.php line 47 [] []
[2013-01-15 13:46:24] security.DEBUG: Write SecurityContext in the session [] []
[2013-01-15 13:54:00] request.ERROR: Symfony\Component\HttpKernel\Exception\NotFoundHttpException: No route found for "GET /Create" (uncaught exception) at /var/www/Inra2013/app/cache/prod/classes.php line 5117 [] []
[2013-01-15 13:54:09] request.ERROR: Symfony\Component\HttpKernel\Exception\NotFoundHttpException: No route found for "GET /Create/Admin" (uncaught exception) at /var/www/Inra2013/app/cache/prod/classes.php line 5117 [] []
[2013-01-15 13:59:25] request.INFO: Matched route "Inra2013urzBundle_CreateAgent" (parameters: "_controller": "Inra2013\urzBundle\Controller\AgentController::CreateAgentAction", "_route": "Inra2013urzBundle_CreateAgent") [] []
[2013-01-15 13:59:25] security.INFO: Populated SecurityContext with an anonymous Token [] []
[2013-01-15 13:59:25] request.CRITICAL: Doctrine\DBAL\DBALException: An exception occurred while executing 'INSERT INTO fos_user (username, username_canonical, email, email_canonical, enabled, salt, password, last_login, locked, expired, expires_at, confirmation_token, password_requested_at, roles, credentials_expired, credentials_expire_at, Nom, Prenom, Telephone) VALUES (?, ?, ?, ?, ?, ?, ?, ?, ?, ?, ?, ?, ?, ?, ?, ?, ?, ?, ?)' with params {"1":"loic","2":"loic","3":"loil@gmail.com","4":"loil@gmail.com","5":1,"6":"eqgd5zniw7k88s44gogow44g8csg444","7":"xXBztOmTj9RMEV8u1Fg4suHqUl9yc+6ajKs\/VlaYBmHlNw83HoPB3ncBN3hXbamo3y1WbUEauyCBFaatsGxQ9Q==","8":null,"9":0,"10":0,"11":null,"12":null,"13":null,"14":"a:1:{i:0;s:15:\"ROLE_ADMIN_LABO\";}","15":0,"16":null,"17":"JU,io","18":"Junior","19":789}:

SQLSTATE[23000]: Integrity constraint violation: 1062 Duplicate entry 'loic' for key 'UNIQ_957A647992FC23A8' (uncaught exception) at /var/www/Inra2013/vendor/doctrine/dbal/lib/Doctrine/DBAL/DBALException.php line 47 [] []
[2013-01-15 13:59:25] security.DEBUG: Write SecurityContext in the session [] []
[2013-02-22 08:54:12] request.INFO: Matched route "Inra2013Bundle_SearchTypeAnalyse" (parameters: "_controller": "Inra2013\urzBundle\Controller\AnalyseController::SearchTypeAnalyseAction", "_route": "Inra2013Bundle_SearchTypeAnalyse") [] []
[2013-02-22 08:54:12] security.DEBUG: Read SecurityContext from the session [] []
[2013-02-22 08:54:12] security.DEBUG: Reloading user from user provider. [] []
[2013-02-22 08:54:12] security.DEBUG: Username "aharry" was reloaded from user provider. [] []
[2013-02-22 08:54:12] request.CRITICAL: BadMethodCallException: Undefined method 'SearchTypeAnalyse'. The method name must start with either findBy or findOneBy! (uncaught exception) at /var/www/NetbeansINRA/vendor/doctrine/orm/lib/Doctrine/ORM/EntityRepository.php line 196 [] []
[2013-02-22 08:54:12] security.DEBUG: Write SecurityContext in the session [] []
[2013-02-22 08:54:15] request.INFO: Matched route "Inra2013Bundle_SearchTypeAnalyse" (parameters: "_controller": "Inra2013\urzBundle\Controller\AnalyseController::SearchTypeAnalyseAction", "_route": "Inra2013Bundle_SearchTypeAnalyse") [] []
[2013-02-22 08:54:15] security.DEBUG: Read SecurityContext from the session [] []
[2013-02-22 08:54:15] security.DEBUG: Reloading user from user provider. [] []
[2013-02-22 08:54:15] security.DEBUG: Username "aharry" was reloaded from user provider. [] []
[2013-02-22 08:54:15] request.CRITICAL: BadMethodCallException: Undefined method 'SearchTypeAnalyse'. The method name must start with either findBy or findOneBy! (uncaught exception) at /var/www/NetbeansINRA/vendor/doctrine/orm/lib/Doctrine/ORM/EntityRepository.php line 196 [] []
[2013-02-22 08:54:15] security.DEBUG: Write SecurityContext in the session [] []
[2013-02-22 08:54:17] request.INFO: Matched route "Inra2013Bundle_SearchTypeAnalyse" (parameters: "_controller": "Inra2013\urzBundle\Controller\AnalyseController::SearchTypeAnalyseAction", "_route": "Inra2013Bundle_SearchTypeAnalyse") [] []
[2013-02-22 08:54:17] security.DEBUG: Read SecurityContext from the session [] []
[2013-02-22 08:54:17] security.DEBUG: Reloading user from user provider. [] []
[2013-02-22 08:54:17] security.DEBUG: Username "aharry" was reloaded from user provider. [] []
[2013-02-22 08:54:17] request.CRITICAL: BadMethodCallException: Undefined method 'SearchTypeAnalyse'. The method name must start with either findBy or findOneBy! (uncaught exception) at /var/www/NetbeansINRA/vendor/doctrine/orm/lib/Doctrine/ORM/EntityRepository.php line 196 [] []
[2013-02-22 08:54:17] security.DEBUG: Write SecurityContext in the session [] []
[2013-02-22 08:54:19] request.INFO: Matched route "Inra2013Bundle_SearchTypeAnalyse" (parameters: "_controller": "Inra2013\urzBundle\Controller\AnalyseController::SearchTypeAnalyseAction", "_route": "Inra2013Bundle_SearchTypeAnalyse") [] []
[2013-02-22 08:54:19] security.DEBUG: Read SecurityContext from the session [] []
[2013-02-22 08:54:19] security.DEBUG: Reloading user from user provider. [] []
[2013-02-22 08:54:19] security.DEBUG: Username "aharry" was reloaded from user provider. [] []
[2013-02-22 08:54:19] request.CRITICAL: BadMethodCallException: Undefined method 'SearchTypeAnalyse'. The method name must start with either findBy or findOneBy! (uncaught exception) at /var/www/NetbeansINRA/vendor/doctrine/orm/lib/Doctrine/ORM/EntityRepository.php line 196 [] []
[2013-02-22 08:54:19] security.DEBUG: Write SecurityContext in the session [] []
[2013-02-22 08:54:20] request.INFO: Matched route "Inra2013Bundle_SearchTypeAnalyse" (parameters: "_controller": "Inra2013\urzBundle\Controller\AnalyseController::SearchTypeAnalyseAction", "_route": "Inra2013Bundle_SearchTypeAnalyse") [] []
[2013-02-22 08:54:20] security.DEBUG: Read SecurityContext from the session [] []
[2013-02-22 08:54:20] security.DEBUG: Reloading user from user provider. [] []
[2013-02-22 08:54:20] security.DEBUG: Username "aharry" was reloaded from user provider. [] []
[2013-02-22 08:54:20] request.CRITICAL: BadMethodCallException: Undefined method 'SearchTypeAnalyse'. The method name must start with either findBy or findOneBy! (uncaught exception) at /var/www/NetbeansINRA/vendor/doctrine/orm/lib/Doctrine/ORM/EntityRepository.php line 196 [] []
[2013-02-22 08:54:20] security.DEBUG: Write SecurityContext in the session [] []
[2013-02-22 08:54:43] request.INFO: Matched route "Inra2013Bundle_SearchTypeAnalyse" (parameters: "_controller": "Inra2013\urzBundle\Controller\AnalyseController::SearchTypeAnalyseAction", "_route": "Inra2013Bundle_SearchTypeAnalyse") [] []
[2013-02-22 08:54:43] security.DEBUG: Read SecurityContext from the session [] []
[2013-02-22 08:54:43] security.DEBUG: Reloading user from user provider. [] []
[2013-02-22 08:54:43] security.DEBUG: Username "aharry" was reloaded from user provider. [] []
[2013-02-22 08:54:43] request.CRITICAL: BadMethodCallException: Undefined method 'SearchTypeAnalyse'. The method name must start with either findBy or findOneBy! (uncaught exception) at /var/www/NetbeansINRA/vendor/doctrine/orm/lib/Doctrine/ORM/EntityRepository.php line 196 [] []
[2013-02-22 08:54:44] security.DEBUG: Write SecurityContext in the session [] []
[2013-02-22 08:54:44] request.INFO: Matched route "Inra2013Bundle_SearchTypeAnalyse" (parameters: "_controller": "Inra2013\urzBundle\Controller\AnalyseController::SearchTypeAnalyseAction", "_route": "Inra2013Bundle_SearchTypeAnalyse") [] []
[2013-02-22 08:54:44] security.DEBUG: Read SecurityContext from the session [] []
[2013-02-22 08:54:44] security.DEBUG: Reloading user from user provider. [] []
[2013-02-22 08:54:45] security.DEBUG: Username "aharry" was reloaded from user provider. [] []
[2013-02-22 08:54:45] request.CRITICAL: BadMethodCallException: Undefined method 'SearchTypeAnalyse'. The method name must start with either findBy or findOneBy! (uncaught exception) at /var/www/NetbeansINRA/vendor/doctrine/orm/lib/Doctrine/ORM/EntityRepository.php line 196 [] []
[2013-02-22 08:54:45] security.DEBUG: Write SecurityContext in the session [] []
[2013-02-22 08:54:46] request.INFO: Matched route "Inra2013Bundle_SearchTypeAnalyse" (parameters: "_controller": "Inra2013\urzBundle\Controller\AnalyseController::SearchTypeAnalyseAction", "_route": "Inra2013Bundle_SearchTypeAnalyse") [] []
[2013-02-22 08:54:46] security.DEBUG: Read SecurityContext from the session [] []
[2013-02-22 08:54:46] security.DEBUG: Reloading user from user provider. [] []
[2013-02-22 08:54:46] security.DEBUG: Username "aharry" was reloaded from user provider. [] []
[2013-02-22 08:54:46] request.CRITICAL: BadMethodCallException: Undefined method 'SearchTypeAnalyse'. The method name must start with either findBy or findOneBy! (uncaught exception) at /var/www/NetbeansINRA/vendor/doctrine/orm/lib/Doctrine/ORM/EntityRepository.php line 196 [] []
[2013-02-22 08:54:46] security.DEBUG: Write SecurityContext in the session [] []
[2013-02-22 08:54:49] request.INFO: Matched route "Inra2013Bundle_SearchTypeAnalyse" (parameters: "_controller": "Inra2013\urzBundle\Controller\AnalyseController::SearchTypeAnalyseAction", "_route": "Inra2013Bundle_SearchTypeAnalyse") [] []
[2013-02-22 08:54:49] security.DEBUG: Read SecurityContext from the session [] []
[2013-02-22 08:54:49] security.DEBUG: Reloading user from user provider. [] []
[2013-02-22 08:54:49] security.DEBUG: Username "aharry" was reloaded from user provider. [] []
[2013-02-22 08:54:49] request.CRITICAL: BadMethodCallException: Undefined method 'SearchTypeAnalyse'. The method name must start with either findBy or findOneBy! (uncaught exception) at /var/www/NetbeansINRA/vendor/doctrine/orm/lib/Doctrine/ORM/EntityRepository.php line 196 [] []
[2013-02-22 08:54:49] security.DEBUG: Write SecurityContext in the session [] []
[2013-02-24 18:51:03] request.ERROR: Symfony\Component\HttpKernel\Exception\NotFoundHttpException: No route found for "GET /Homr" (uncaught exception) at /var/www/NetbeansINRA/app/cache/prod/classes.php line 5219 [] []
[2013-02-24 18:51:20] request.INFO: Matched route "Inra2013Bundle_SearchProtocole" (parameters: "_controller": "Inra2013\urzBundle\Controller\AnalyseController::SearchProtocoleAction", "_route": "Inra2013Bundle_SearchProtocole") [] []
[2013-02-24 18:51:20] security.DEBUG: Read SecurityContext from the session [] []
[2013-02-24 18:51:20] security.DEBUG: Reloading user from user provider. [] []
[2013-02-24 18:51:20] security.DEBUG: Username "alucina" was reloaded from user provider. [] []
[2013-02-24 18:51:20] request.CRITICAL: LogicException: The controller must return a response (null given). Did you forget to add a return statement somewhere in your controller? (uncaught exception) at /var/www/NetbeansINRA/app/bootstrap.php.cache line 1442 [] []
[2013-02-24 18:51:20] security.DEBUG: Write SecurityContext in the session [] []
[2013-03-18 14:19:28] request.INFO: Matched route "Inra2013Bundle_CreateProtocole" (parameters: "_controller": "Inra2013\urzBundle\Controller\AnalyseController::CreateProtocoleAction", "_route": "Inra2013Bundle_CreateProtocole") [] []
[2013-03-18 14:19:28] security.DEBUG: Read SecurityContext from the session [] []
[2013-03-18 14:19:28] security.DEBUG: Reloading user from user provider. [] []
[2013-03-18 14:19:28] security.DEBUG: Username "agisèle" was reloaded from user provider. [] []
[2013-03-18 14:19:28] request.ERROR: Symfony\Component\HttpKernel\Exception\NotFoundHttpException: Le protocole PKL89-PO4existe déja  (uncaught exception) at /var/www/NetbeansINRA/vendor/symfony/symfony/src/Symfony/Bundle/FrameworkBundle/Controller/Controller.php line 142 [] []
[2013-03-18 14:19:28] security.DEBUG: Write SecurityContext in the session [] []
[2013-03-18 14:22:15] request.INFO: Matched route "Inra2013Bundle_CreateProtocole" (parameters: "_controller": "Inra2013\urzBundle\Controller\AnalyseController::CreateProtocoleAction", "_route": "Inra2013Bundle_CreateProtocole") [] []
[2013-03-18 14:22:15] security.DEBUG: Read SecurityContext from the session [] []
[2013-03-18 14:22:15] security.DEBUG: Reloading user from user provider. [] []
[2013-03-18 14:22:15] security.DEBUG: Username "agisèle" was reloaded from user provider. [] []
[2013-03-18 14:22:15] request.ERROR: Symfony\Component\HttpKernel\Exception\NotFoundHttpException: Le protocole PKL89-POexiste déja  (uncaught exception) at /var/www/NetbeansINRA/vendor/symfony/symfony/src/Symfony/Bundle/FrameworkBundle/Controller/Controller.php line 142 [] []
[2013-03-18 14:22:15] security.DEBUG: Write SecurityContext in the session [] []
[2013-03-27 19:42:32] request.INFO: Matched route "Inra2013Bundle_CreateAnalyseBdd" (parameters: "_controller": "Inra2013\urzBundle\Controller\AnalyseController::CreateAnalyseBddAction", "_route": "Inra2013Bundle_CreateAnalyseBdd") [] []
[2013-03-27 19:42:32] security.DEBUG: Read SecurityContext from the session [] []
[2013-03-27 19:42:32] security.DEBUG: Reloading user from user provider. [] []
[2013-03-27 19:42:32] security.DEBUG: Username "mcarine" was reloaded from user provider. [] []
[2013-03-27 19:42:32] request.CRITICAL: Symfony\Component\Form\Exception\PropertyAccessDeniedException: Property "ChampCalcule" is not public in class "Inra2013\urzBundle\Entity\Champ". Maybe you should create the method "getChampCalcule()" or "isChampCalcule()" or "hasChampCalcule()"? (uncaught exception) at /var/www/NetbeansINRA/vendor/symfony/symfony/src/Symfony/Component/Form/Util/PropertyPath.php line 428 [] []
[2013-03-27 19:42:32] security.DEBUG: Write SecurityContext in the session [] []
[2013-03-27 19:42:34] request.INFO: Matched route "Inra2013Bundle_CreateAnalyseBdd" (parameters: "_controller": "Inra2013\urzBundle\Controller\AnalyseController::CreateAnalyseBddAction", "_route": "Inra2013Bundle_CreateAnalyseBdd") [] []
[2013-03-27 19:42:34] security.DEBUG: Read SecurityContext from the session [] []
[2013-03-27 19:42:34] security.DEBUG: Reloading user from user provider. [] []
[2013-03-27 19:42:34] security.DEBUG: Username "mcarine" was reloaded from user provider. [] []
[2013-03-27 19:42:34] request.CRITICAL: Symfony\Component\Form\Exception\PropertyAccessDeniedException: Property "ChampCalcule" is not public in class "Inra2013\urzBundle\Entity\Champ". Maybe you should create the method "getChampCalcule()" or "isChampCalcule()" or "hasChampCalcule()"? (uncaught exception) at /var/www/NetbeansINRA/vendor/symfony/symfony/src/Symfony/Component/Form/Util/PropertyPath.php line 428 [] []
[2013-03-27 19:42:34] security.DEBUG: Write SecurityContext in the session [] []
[2013-04-01 01:22:19] request.INFO: Matched route "Inra2013Bundle_UpdateAgent" (parameters: "_controller": "Inra2013\urzBundle\Controller\AgentController::UpdateAgentAction", "id": "7", "_route": "Inra2013Bundle_UpdateAgent") [] []
[2013-04-01 01:22:19] security.DEBUG: Read SecurityContext from the session [] []
[2013-04-01 01:22:19] security.DEBUG: Reloading user from user provider. [] []
[2013-04-01 01:22:19] security.DEBUG: Username "tluber" was reloaded from user provider. [] []
[2013-04-01 01:22:19] request.CRITICAL: Symfony\Component\Form\Exception\UnexpectedTypeException: Expected argument of type "array", "string" given (uncaught exception) at /var/www/NetbeansINRA/vendor/symfony/symfony/src/Symfony/Component/Form/Extension/Core/DataTransformer/ChoicesToValuesTransformer.php line 51 [] []
[2013-04-01 01:22:19] security.DEBUG: Write SecurityContext in the session [] []
[2013-04-13 23:29:56] request.INFO: Matched route "Inra2013Bundle_CreateAnalyse" (parameters: "_controller": "Inra2013\urzBundle\Controller\AnalyseController::CreateAnalyseAction", "_route": "Inra2013Bundle_CreateAnalyse") [] []
[2013-04-13 23:29:56] security.DEBUG: Read SecurityContext from the session [] []
[2013-04-13 23:29:56] security.DEBUG: Reloading user from user provider. [] []
[2013-04-13 23:29:56] security.DEBUG: Username "tluber" was reloaded from user provider. [] []
[2013-04-13 23:29:56] security.DEBUG: Access is denied (and user is neither anonymous, nor remember-me) by "/var/www/NetbeansINRA/vendor/symfony/symfony/src/Symfony/Component/Security/Http/Firewall/AccessListener.php" at line 70 [] []
[2013-04-13 23:29:56] request.ERROR: Symfony\Component\HttpKernel\Exception\AccessDeniedHttpException: Access Denied (uncaught exception) at /var/www/NetbeansINRA/vendor/symfony/symfony/src/Symfony/Component/Security/Http/Firewall/ExceptionListener.php line 100 [] []
[2013-04-13 23:29:56] security.DEBUG: Write SecurityContext in the session [] []
[2013-04-15 00:28:42] request.ERROR: Symfony\Component\HttpKernel\Exception\NotFoundHttpException: No route found for "GET /User/Home" (uncaught exception) at /var/www/NetbeansINRA/app/cache/prod/classes.php line 5146 [] []
[2013-04-15 00:28:44] request.ERROR: Symfony\Component\HttpKernel\Exception\NotFoundHttpException: No route found for "GET /User/Home" (uncaught exception) at /var/www/NetbeansINRA/app/cache/prod/classes.php line 5146 [] []
[2013-04-24 15:40:02] request.INFO: Matched route "Inra2013Bundle_CreateExcel" (parameters: "_controller": "Inra2013\urzBundle\Controller\GestionFichierController::CreateExcelAction", "_route": "Inra2013Bundle_CreateExcel") [] []
[2013-04-24 15:40:02] security.DEBUG: Read SecurityContext from the session [] []
[2013-04-24 15:40:02] security.DEBUG: Reloading user from user provider. [] []
[2013-04-24 15:40:02] security.DEBUG: Username "alucina" was reloaded from user provider. [] []
[2013-04-24 15:40:04] request.CRITICAL: Doctrine\DBAL\DBALException: An exception occurred while executing 'SELECT t0.Essai1 AS Essai11, t0.Essai2 AS Essai22, t0.Essai3 AS Essai33, t0.Essai4 AS Essai44, t0.CodeLabo AS CodeLabo5, t0.User_id AS User_id6 FROM AnaEssai t0 WHERE t0.CodeLabo = ?' with params {"1":87}:

SQLSTATE[42S02]: Base table or view not found: 1146 Table 'Inra2013.AnaEssai' doesn't exist (uncaught exception) at /var/www/NetbeansINRA/vendor/doctrine/dbal/lib/Doctrine/DBAL/DBALException.php line 47 [] []
[2013-04-24 15:40:05] security.DEBUG: Write SecurityContext in the session [] []
[2013-04-28 21:13:48] request.INFO: Matched route "Inra2013Bundle_CreateProtocole" (parameters: "_controller": "Inra2013\urzBundle\Controller\AnalyseController::CreateProtocoleAction", "_route": "Inra2013Bundle_CreateProtocole") [] []
[2013-04-28 21:13:48] security.DEBUG: Read SecurityContext from the session [] []
[2013-04-28 21:13:48] security.DEBUG: Reloading user from user provider. [] []
[2013-04-28 21:13:48] security.DEBUG: Username "aharry" was reloaded from user provider. [] []
[2013-04-28 21:13:48] request.CRITICAL: Doctrine\DBAL\DBALException: An exception occurred while executing 'INSERT INTO Protocole (NomProtocole, DateValidation, DateValidationAnalyse, Validation, Description, Commentaire, Responsable_id) VALUES (?, ?, ?, ?, ?, ?, ?)' with params {"1":"AHARY212","2":"2013-04-28","3":null,"4":false,"5":"Exp\u00e9rimentation sur le niouvelle race de caprin avant la fin de la saison cyclonique","6":null,"7":3}:

SQLSTATE[23000]: Integrity constraint violation: 1048 Column 'DateValidationAnalyse' cannot be null (uncaught exception) at /var/www/NetbeansINRA/vendor/doctrine/dbal/lib/Doctrine/DBAL/DBALException.php line 47 [] []
[2013-04-28 21:13:48] security.DEBUG: Write SecurityContext in the session [] []
[2013-04-28 21:13:57] request.INFO: Matched route "Inra2013Bundle_CreateProtocole" (parameters: "_controller": "Inra2013\urzBundle\Controller\AnalyseController::CreateProtocoleAction", "_route": "Inra2013Bundle_CreateProtocole") [] []
[2013-04-28 21:13:57] security.DEBUG: Read SecurityContext from the session [] []
[2013-04-28 21:13:57] security.DEBUG: Reloading user from user provider. [] []
[2013-04-28 21:13:57] security.DEBUG: Username "aharry" was reloaded from user provider. [] []
[2013-04-28 21:13:57] request.CRITICAL: Doctrine\DBAL\DBALException: An exception occurred while executing 'INSERT INTO Protocole (NomProtocole, DateValidation, DateValidationAnalyse, Validation, Description, Commentaire, Responsable_id) VALUES (?, ?, ?, ?, ?, ?, ?)' with params {"1":"AHARY212","2":"2013-04-28","3":null,"4":false,"5":"Exp\u00e9rimentation sur le niouvelle race de caprin avant la fin de la saison cyclonique","6":null,"7":3}:

SQLSTATE[23000]: Integrity constraint violation: 1048 Column 'DateValidationAnalyse' cannot be null (uncaught exception) at /var/www/NetbeansINRA/vendor/doctrine/dbal/lib/Doctrine/DBAL/DBALException.php line 47 [] []
[2013-04-28 21:13:57] security.DEBUG: Write SecurityContext in the session [] []
[2013-04-28 21:19:11] request.INFO: Matched route "Inra2013Bundle_CreateProtocole" (parameters: "_controller": "Inra2013\urzBundle\Controller\AnalyseController::CreateProtocoleAction", "_route": "Inra2013Bundle_CreateProtocole") [] []
[2013-04-28 21:19:11] security.DEBUG: Read SecurityContext from the session [] []
[2013-04-28 21:19:11] security.DEBUG: Reloading user from user provider. [] []
[2013-04-28 21:19:11] security.DEBUG: Username "aharry" was reloaded from user provider. [] []
[2013-04-28 21:19:11] request.CRITICAL: Doctrine\DBAL\DBALException: An exception occurred while executing 'INSERT INTO Protocole (NomProtocole, DateValidation, DateValidationAnalyse, Validation, Description, Commentaire, Responsable_id) VALUES (?, ?, ?, ?, ?, ?, ?)' with params {"1":"AHARRY2813","2":"2013-04-28","3":null,"4":false,"5":"Exp\u00e9rimentation sur les caprins des bovins,et la formation de cailloux dans le monde bovins","6":null,"7":3}:

SQLSTATE[23000]: Integrity constraint violation: 1048 Column 'DateValidationAnalyse' cannot be null (uncaught exception) at /var/www/NetbeansINRA/vendor/doctrine/dbal/lib/Doctrine/DBAL/DBALException.php line 47 [] []
[2013-04-28 21:19:11] security.DEBUG: Write SecurityContext in the session [] []
[2013-04-28 21:43:03] request.INFO: Matched route "Inra2013Bundle_UploadFile" (parameters: "_controller": "Inra2013\urzBundle\Controller\GestionFichierController::UploadAction", "_route": "Inra2013Bundle_UploadFile") [] []
[2013-04-28 21:43:03] security.DEBUG: Read SecurityContext from the session [] []
[2013-04-28 21:43:03] security.DEBUG: Reloading user from user provider. [] []
[2013-04-28 21:43:03] security.DEBUG: Username "alucina" was reloaded from user provider. [] []
[2013-04-28 21:43:03] request.CRITICAL: Exception: Sheet index is out of bounds. (uncaught exception) at /var/www/NetbeansINRA/vendor/CodePlex/PHPExcel/PHPExcel.php line 286 [] []
[2013-04-28 21:43:03] security.DEBUG: Write SecurityContext in the session [] []
[2013-04-28 21:43:04] request.INFO: Matched route "Inra2013Bundle_UploadFile" (parameters: "_controller": "Inra2013\urzBundle\Controller\GestionFichierController::UploadAction", "_route": "Inra2013Bundle_UploadFile") [] []
[2013-04-28 21:43:04] security.DEBUG: Read SecurityContext from the session [] []
[2013-04-28 21:43:04] security.DEBUG: Reloading user from user provider. [] []
[2013-04-28 21:43:04] security.DEBUG: Username "alucina" was reloaded from user provider. [] []
[2013-04-28 21:43:04] request.CRITICAL: Exception: Sheet index is out of bounds. (uncaught exception) at /var/www/NetbeansINRA/vendor/CodePlex/PHPExcel/PHPExcel.php line 286 [] []
[2013-04-28 21:43:04] security.DEBUG: Write SecurityContext in the session [] []
[2013-04-28 22:01:45] request.INFO: Matched route "Inra2013Bundle_SaveFile" (parameters: "_controller": "Inra2013\urzBundle\Controller\GestionFichierController::SaveExcelAction", "_route": "Inra2013Bundle_SaveFile") [] []
[2013-04-28 22:01:45] security.DEBUG: Read SecurityContext from the session [] []
[2013-04-28 22:01:45] security.DEBUG: Reloading user from user provider. [] []
[2013-04-28 22:01:45] security.DEBUG: Username "alucina" was reloaded from user provider. [] []
[2013-04-28 22:01:46] request.CRITICAL: Doctrine\DBAL\DBALException: An exception occurred while executing 'INSERT INTO AnaOPG (OPG1, OPG2, OPG3, CodeLabo, User_id) VALUES (?, ?, ?, ?, ?)' with params {"1":null,"2":null,"3":null,"4":45,"5":null}:

SQLSTATE[23000]: Integrity constraint violation: 1062 Duplicate entry '45' for key 'PRIMARY' (uncaught exception) at /var/www/NetbeansINRA/vendor/doctrine/dbal/lib/Doctrine/DBAL/DBALException.php line 47 [] []
[2013-04-28 22:01:46] security.DEBUG: Write SecurityContext in the session [] []
[2013-04-28 23:00:11] request.INFO: Matched route "Inra2013Bundle_CreateExcel" (parameters: "_controller": "Inra2013\urzBundle\Controller\GestionFichierController::CreateExcelAction", "_route": "Inra2013Bundle_CreateExcel") [] []
[2013-04-28 23:00:11] security.DEBUG: Read SecurityContext from the session [] []
[2013-04-28 23:00:11] security.DEBUG: Reloading user from user provider. [] []
[2013-04-28 23:00:11] security.DEBUG: Username "aharry" was reloaded from user provider. [] []
[2013-04-28 23:00:11] request.CRITICAL: Doctrine\ORM\ORMException: The identifier id is missing for a query of Inra2013\urzBundle\Entity\Protocole (uncaught exception) at /var/www/NetbeansINRA/vendor/doctrine/orm/lib/Doctrine/ORM/ORMException.php line 160 [] []
[2013-04-28 23:00:11] security.DEBUG: Write SecurityContext in the session [] []
